This is pdfTeX, Version 3.14159265-2.6-1.40.19 (TeX Live 2018) (preloaded format=pdflatex 2018.10.11)  24 MAY 2021 21:40
entering extended mode
 restricted \write18 enabled.
 %&-line parsing enabled.
**Méthode-SCMK.tex
(./Méthode-SCMK.tex
LaTeX2e <2018-04-01> patch level 2
Babel <3.18> and hyphenation patterns for 84 language(s) loaded.
(/usr/local/texlive/2018/texmf-dist/tex/latex/base/article.cls
Document Class: article 2014/09/29 v1.4h Standard LaTeX document class
(/usr/local/texlive/2018/texmf-dist/tex/latex/base/size10.clo
File: size10.clo 2014/09/29 v1.4h Standard LaTeX file (size option)
)
\c@part=\count80
\c@section=\count81
\c@subsection=\count82
\c@subsubsection=\count83
\c@paragraph=\count84
\c@subparagraph=\count85
\c@figure=\count86
\c@table=\count87
\abovecaptionskip=\skip41
\belowcaptionskip=\skip42
\bibindent=\dimen102
) (/usr/local/texlive/2018/texmf-dist/tex/latex/lm/lmodern.sty
Package: lmodern 2009/10/30 v1.6 Latin Modern Fonts
LaTeX Font Info:    Overwriting symbol font `operators' in version `normal'
(Font)                  OT1/cmr/m/n --> OT1/lmr/m/n on input line 22.
LaTeX Font Info:    Overwriting symbol font `letters' in version `normal'
(Font)                  OML/cmm/m/it --> OML/lmm/m/it on input line 23.
LaTeX Font Info:    Overwriting symbol font `symbols' in version `normal'
(Font)                  OMS/cmsy/m/n --> OMS/lmsy/m/n on input line 24.
LaTeX Font Info:    Overwriting symbol font `largesymbols' in version `normal'
(Font)                  OMX/cmex/m/n --> OMX/lmex/m/n on input line 25.
LaTeX Font Info:    Overwriting symbol font `operators' in version `bold'
(Font)                  OT1/cmr/bx/n --> OT1/lmr/bx/n on input line 26.
LaTeX Font Info:    Overwriting symbol font `letters' in version `bold'
(Font)                  OML/cmm/b/it --> OML/lmm/b/it on input line 27.
LaTeX Font Info:    Overwriting symbol font `symbols' in version `bold'
(Font)                  OMS/cmsy/b/n --> OMS/lmsy/b/n on input line 28.
LaTeX Font Info:    Overwriting symbol font `largesymbols' in version `bold'
(Font)                  OMX/cmex/m/n --> OMX/lmex/m/n on input line 29.
LaTeX Font Info:    Overwriting math alphabet `\mathbf' in version `normal'
(Font)                  OT1/cmr/bx/n --> OT1/lmr/bx/n on input line 31.
LaTeX Font Info:    Overwriting math alphabet `\mathsf' in version `normal'
(Font)                  OT1/cmss/m/n --> OT1/lmss/m/n on input line 32.
LaTeX Font Info:    Overwriting math alphabet `\mathit' in version `normal'
(Font)                  OT1/cmr/m/it --> OT1/lmr/m/it on input line 33.
LaTeX Font Info:    Overwriting math alphabet `\mathtt' in version `normal'
(Font)                  OT1/cmtt/m/n --> OT1/lmtt/m/n on input line 34.
LaTeX Font Info:    Overwriting math alphabet `\mathbf' in version `bold'
(Font)                  OT1/cmr/bx/n --> OT1/lmr/bx/n on input line 35.
LaTeX Font Info:    Overwriting math alphabet `\mathsf' in version `bold'
(Font)                  OT1/cmss/bx/n --> OT1/lmss/bx/n on input line 36.
LaTeX Font Info:    Overwriting math alphabet `\mathit' in version `bold'
(Font)                  OT1/cmr/bx/it --> OT1/lmr/bx/it on input line 37.
LaTeX Font Info:    Overwriting math alphabet `\mathtt' in version `bold'
(Font)                  OT1/cmtt/m/n --> OT1/lmtt/m/n on input line 38.
) (/usr/local/texlive/2018/texmf-dist/tex/latex/amsfonts/amssymb.sty
Package: amssymb 2013/01/14 v3.01 AMS font symbols
(/usr/local/texlive/2018/texmf-dist/tex/latex/amsfonts/amsfonts.sty
Package: amsfonts 2013/01/14 v3.01 Basic AMSFonts support
\@emptytoks=\toks14
\symAMSa=\mathgroup4
\symAMSb=\mathgroup5
LaTeX Font Info:    Overwriting math alphabet `\mathfrak' in version `bold'
(Font)                  U/euf/m/n --> U/euf/b/n on input line 106.
)) (/usr/local/texlive/2018/texmf-dist/tex/latex/amsmath/amsmath.sty
Package: amsmath 2017/09/02 v2.17a AMS math features
\@mathmargin=\skip43
For additional information on amsmath, use the `?' option.
(/usr/local/texlive/2018/texmf-dist/tex/latex/amsmath/amstext.sty
Package: amstext 2000/06/29 v2.01 AMS text
(/usr/local/texlive/2018/texmf-dist/tex/latex/amsmath/amsgen.sty
File: amsgen.sty 1999/11/30 v2.0 generic functions
\@emptytoks=\toks15
\ex@=\dimen103
)) (/usr/local/texlive/2018/texmf-dist/tex/latex/amsmath/amsbsy.sty
Package: amsbsy 1999/11/29 v1.2d Bold Symbols
\pmbraise@=\dimen104
) (/usr/local/texlive/2018/texmf-dist/tex/latex/amsmath/amsopn.sty
Package: amsopn 2016/03/08 v2.02 operator names
)
\inf@bad=\count88
LaTeX Info: Redefining \frac on input line 213.
\uproot@=\count89
\leftroot@=\count90
LaTeX Info: Redefining \overline on input line 375.
\classnum@=\count91
\DOTSCASE@=\count92
LaTeX Info: Redefining \ldots on input line 472.
LaTeX Info: Redefining \dots on input line 475.
LaTeX Info: Redefining \cdots on input line 596.
\Mathstrutbox@=\box26
\strutbox@=\box27
\big@size=\dimen105
LaTeX Font Info:    Redeclaring font encoding OML on input line 712.
LaTeX Font Info:    Redeclaring font encoding OMS on input line 713.
\macc@depth=\count93
\c@MaxMatrixCols=\count94
\dotsspace@=\muskip10
\c@parentequation=\count95
\dspbrk@lvl=\count96
\tag@help=\toks16
\row@=\count97
\column@=\count98
\maxfields@=\count99
\andhelp@=\toks17
\eqnshift@=\dimen106
\alignsep@=\dimen107
\tagshift@=\dimen108
\tagwidth@=\dimen109
\totwidth@=\dimen110
\lineht@=\dimen111
\@envbody=\toks18
\multlinegap=\skip44
\multlinetaggap=\skip45
\mathdisplay@stack=\toks19
LaTeX Info: Redefining \[ on input line 2817.
LaTeX Info: Redefining \] on input line 2818.
) (/usr/local/texlive/2018/texmf-dist/tex/generic/ifxetex/ifxetex.sty
Package: ifxetex 2010/09/12 v0.6 Provides ifxetex conditional
) (/usr/local/texlive/2018/texmf-dist/tex/generic/oberdiek/ifluatex.sty
Package: ifluatex 2016/05/16 v1.4 Provides the ifluatex switch (HO)
Package ifluatex Info: LuaTeX not detected.
) (/usr/local/texlive/2018/texmf-dist/tex/latex/base/fixltx2e.sty
Package: fixltx2e 2016/12/29 v2.1a fixes to LaTeX (obsolete)
Applying: [2015/01/01] Old fixltx2e package on input line 46.

Package fixltx2e Warning: fixltx2e is not required with releases after 2015
(fixltx2e)                All fixes are now in the LaTeX kernel.
(fixltx2e)                See the latexrelease package for details.

Already applied: [0000/00/00] Old fixltx2e package on input line 53.
) (/usr/local/texlive/2018/texmf-dist/tex/latex/base/fontenc.sty
Package: fontenc 2017/04/05 v2.0i Standard LaTeX package
(/usr/local/texlive/2018/texmf-dist/tex/latex/base/t1enc.def
File: t1enc.def 2017/04/05 v2.0i Standard LaTeX file
LaTeX Font Info:    Redeclaring font encoding T1 on input line 48.
)) (/usr/local/texlive/2018/texmf-dist/tex/latex/base/inputenc.sty
Package: inputenc 2018/04/06 v1.3b Input encoding file
\inpenc@prehook=\toks20
\inpenc@posthook=\toks21
) (/usr/local/texlive/2018/texmf-dist/tex/latex/base/textcomp.sty
Package: textcomp 2017/04/05 v2.0i Standard LaTeX package
Package textcomp Info: Sub-encoding information:
(textcomp)               5 = only ISO-Adobe without \textcurrency
(textcomp)               4 = 5 + \texteuro
(textcomp)               3 = 4 + \textohm
(textcomp)               2 = 3 + \textestimated + \textcurrency
(textcomp)               1 = TS1 - \textcircled - \t
(textcomp)               0 = TS1 (full)
(textcomp)             Font families with sub-encoding setting implement
(textcomp)             only a restricted character set as indicated.
(textcomp)             Family '?' is the default used for unknown fonts.
(textcomp)             See the documentation for details.
Package textcomp Info: Setting ? sub-encoding to TS1/1 on input line 79.
(/usr/local/texlive/2018/texmf-dist/tex/latex/base/ts1enc.def
File: ts1enc.def 2001/06/05 v3.0e (jk/car/fm) Standard LaTeX file
Now handling font encoding TS1 ...
... processing UTF-8 mapping file for font encoding TS1
(/usr/local/texlive/2018/texmf-dist/tex/latex/base/ts1enc.dfu
File: ts1enc.dfu 2018/04/05 v1.2c UTF-8 support for inputenc
   defining Unicode char U+00A2 (decimal 162)
   defining Unicode char U+00A3 (decimal 163)
   defining Unicode char U+00A4 (decimal 164)
   defining Unicode char U+00A5 (decimal 165)
   defining Unicode char U+00A6 (decimal 166)
   defining Unicode char U+00A7 (decimal 167)
   defining Unicode char U+00A8 (decimal 168)
   defining Unicode char U+00A9 (decimal 169)
   defining Unicode char U+00AA (decimal 170)
   defining Unicode char U+00AC (decimal 172)
   defining Unicode char U+00AE (decimal 174)
   defining Unicode char U+00AF (decimal 175)
   defining Unicode char U+00B0 (decimal 176)
   defining Unicode char U+00B1 (decimal 177)
   defining Unicode char U+00B2 (decimal 178)
   defining Unicode char U+00B3 (decimal 179)
   defining Unicode char U+00B4 (decimal 180)
   defining Unicode char U+00B5 (decimal 181)
   defining Unicode char U+00B6 (decimal 182)
   defining Unicode char U+00B7 (decimal 183)
   defining Unicode char U+00B9 (decimal 185)
   defining Unicode char U+00BA (decimal 186)
   defining Unicode char U+00BC (decimal 188)
   defining Unicode char U+00BD (decimal 189)
   defining Unicode char U+00BE (decimal 190)
   defining Unicode char U+00D7 (decimal 215)
   defining Unicode char U+00F7 (decimal 247)
   defining Unicode char U+0192 (decimal 402)
   defining Unicode char U+02C7 (decimal 711)
   defining Unicode char U+02D8 (decimal 728)
   defining Unicode char U+02DD (decimal 733)
   defining Unicode char U+0E3F (decimal 3647)
   defining Unicode char U+2016 (decimal 8214)
   defining Unicode char U+2020 (decimal 8224)
   defining Unicode char U+2021 (decimal 8225)
   defining Unicode char U+2022 (decimal 8226)
   defining Unicode char U+2030 (decimal 8240)
   defining Unicode char U+2031 (decimal 8241)
   defining Unicode char U+203B (decimal 8251)
   defining Unicode char U+203D (decimal 8253)
   defining Unicode char U+2044 (decimal 8260)
   defining Unicode char U+204E (decimal 8270)
   defining Unicode char U+2052 (decimal 8274)
   defining Unicode char U+20A1 (decimal 8353)
   defining Unicode char U+20A4 (decimal 8356)
   defining Unicode char U+20A6 (decimal 8358)
   defining Unicode char U+20A9 (decimal 8361)
   defining Unicode char U+20AB (decimal 8363)
   defining Unicode char U+20AC (decimal 8364)
   defining Unicode char U+20B1 (decimal 8369)
   defining Unicode char U+2103 (decimal 8451)
   defining Unicode char U+2116 (decimal 8470)
   defining Unicode char U+2117 (decimal 8471)
   defining Unicode char U+211E (decimal 8478)
   defining Unicode char U+2120 (decimal 8480)
   defining Unicode char U+2122 (decimal 8482)
   defining Unicode char U+2126 (decimal 8486)
   defining Unicode char U+2127 (decimal 8487)
   defining Unicode char U+212E (decimal 8494)
   defining Unicode char U+2190 (decimal 8592)
   defining Unicode char U+2191 (decimal 8593)
   defining Unicode char U+2192 (decimal 8594)
   defining Unicode char U+2193 (decimal 8595)
   defining Unicode char U+2329 (decimal 9001)
   defining Unicode char U+232A (decimal 9002)
   defining Unicode char U+2422 (decimal 9250)
   defining Unicode char U+25E6 (decimal 9702)
   defining Unicode char U+25EF (decimal 9711)
   defining Unicode char U+266A (decimal 9834)
   defining Unicode char U+FEFF (decimal 65279)
))
LaTeX Info: Redefining \oldstylenums on input line 334.
Package textcomp Info: Setting cmr sub-encoding to TS1/0 on input line 349.
Package textcomp Info: Setting cmss sub-encoding to TS1/0 on input line 350.
Package textcomp Info: Setting cmtt sub-encoding to TS1/0 on input line 351.
Package textcomp Info: Setting cmvtt sub-encoding to TS1/0 on input line 352.
Package textcomp Info: Setting cmbr sub-encoding to TS1/0 on input line 353.
Package textcomp Info: Setting cmtl sub-encoding to TS1/0 on input line 354.
Package textcomp Info: Setting ccr sub-encoding to TS1/0 on input line 355.
Package textcomp Info: Setting ptm sub-encoding to TS1/4 on input line 356.
Package textcomp Info: Setting pcr sub-encoding to TS1/4 on input line 357.
Package textcomp Info: Setting phv sub-encoding to TS1/4 on input line 358.
Package textcomp Info: Setting ppl sub-encoding to TS1/3 on input line 359.
Package textcomp Info: Setting pag sub-encoding to TS1/4 on input line 360.
Package textcomp Info: Setting pbk sub-encoding to TS1/4 on input line 361.
Package textcomp Info: Setting pnc sub-encoding to TS1/4 on input line 362.
Package textcomp Info: Setting pzc sub-encoding to TS1/4 on input line 363.
Package textcomp Info: Setting bch sub-encoding to TS1/4 on input line 364.
Package textcomp Info: Setting put sub-encoding to TS1/5 on input line 365.
Package textcomp Info: Setting uag sub-encoding to TS1/5 on input line 366.
Package textcomp Info: Setting ugq sub-encoding to TS1/5 on input line 367.
Package textcomp Info: Setting ul8 sub-encoding to TS1/4 on input line 368.
Package textcomp Info: Setting ul9 sub-encoding to TS1/4 on input line 369.
Package textcomp Info: Setting augie sub-encoding to TS1/5 on input line 370.
Package textcomp Info: Setting dayrom sub-encoding to TS1/3 on input line 371.
Package textcomp Info: Setting dayroms sub-encoding to TS1/3 on input line 372.

Package textcomp Info: Setting pxr sub-encoding to TS1/0 on input line 373.
Package textcomp Info: Setting pxss sub-encoding to TS1/0 on input line 374.
Package textcomp Info: Setting pxtt sub-encoding to TS1/0 on input line 375.
Package textcomp Info: Setting txr sub-encoding to TS1/0 on input line 376.
Package textcomp Info: Setting txss sub-encoding to TS1/0 on input line 377.
Package textcomp Info: Setting txtt sub-encoding to TS1/0 on input line 378.
Package textcomp Info: Setting lmr sub-encoding to TS1/0 on input line 379.
Package textcomp Info: Setting lmdh sub-encoding to TS1/0 on input line 380.
Package textcomp Info: Setting lmss sub-encoding to TS1/0 on input line 381.
Package textcomp Info: Setting lmssq sub-encoding to TS1/0 on input line 382.
Package textcomp Info: Setting lmvtt sub-encoding to TS1/0 on input line 383.
Package textcomp Info: Setting lmtt sub-encoding to TS1/0 on input line 384.
Package textcomp Info: Setting qhv sub-encoding to TS1/0 on input line 385.
Package textcomp Info: Setting qag sub-encoding to TS1/0 on input line 386.
Package textcomp Info: Setting qbk sub-encoding to TS1/0 on input line 387.
Package textcomp Info: Setting qcr sub-encoding to TS1/0 on input line 388.
Package textcomp Info: Setting qcs sub-encoding to TS1/0 on input line 389.
Package textcomp Info: Setting qpl sub-encoding to TS1/0 on input line 390.
Package textcomp Info: Setting qtm sub-encoding to TS1/0 on input line 391.
Package textcomp Info: Setting qzc sub-encoding to TS1/0 on input line 392.
Package textcomp Info: Setting qhvc sub-encoding to TS1/0 on input line 393.
Package textcomp Info: Setting futs sub-encoding to TS1/4 on input line 394.
Package textcomp Info: Setting futx sub-encoding to TS1/4 on input line 395.
Package textcomp Info: Setting futj sub-encoding to TS1/4 on input line 396.
Package textcomp Info: Setting hlh sub-encoding to TS1/3 on input line 397.
Package textcomp Info: Setting hls sub-encoding to TS1/3 on input line 398.
Package textcomp Info: Setting hlst sub-encoding to TS1/3 on input line 399.
Package textcomp Info: Setting hlct sub-encoding to TS1/5 on input line 400.
Package textcomp Info: Setting hlx sub-encoding to TS1/5 on input line 401.
Package textcomp Info: Setting hlce sub-encoding to TS1/5 on input line 402.
Package textcomp Info: Setting hlcn sub-encoding to TS1/5 on input line 403.
Package textcomp Info: Setting hlcw sub-encoding to TS1/5 on input line 404.
Package textcomp Info: Setting hlcf sub-encoding to TS1/5 on input line 405.
Package textcomp Info: Setting pplx sub-encoding to TS1/3 on input line 406.
Package textcomp Info: Setting pplj sub-encoding to TS1/3 on input line 407.
Package textcomp Info: Setting ptmx sub-encoding to TS1/4 on input line 408.
Package textcomp Info: Setting ptmj sub-encoding to TS1/4 on input line 409.
) (/usr/local/texlive/2018/texmf-dist/tex/latex/upquote/upquote.sty
Package: upquote 2012/04/19 v1.3 upright-quote and grave-accent glyphs in verba
tim
) (/usr/local/texlive/2018/texmf-dist/tex/latex/microtype/microtype.sty
Package: microtype 2018/01/14 v2.7a Micro-typographical refinements (RS)
(/usr/local/texlive/2018/texmf-dist/tex/latex/graphics/keyval.sty
Package: keyval 2014/10/28 v1.15 key=value parser (DPC)
\KV@toks@=\toks22
)
\MT@toks=\toks23
\MT@count=\count100
LaTeX Info: Redefining \textls on input line 793.
\MT@outer@kern=\dimen112
LaTeX Info: Redefining \textmicrotypecontext on input line 1339.
\MT@listname@count=\count101
(/usr/local/texlive/2018/texmf-dist/tex/latex/microtype/microtype-pdftex.def
File: microtype-pdftex.def 2018/01/14 v2.7a Definitions specific to pdftex (RS)

LaTeX Info: Redefining \lsstyle on input line 913.
LaTeX Info: Redefining \lslig on input line 913.
\MT@outer@space=\skip46
)
Package microtype Info: Loading configuration file microtype.cfg.
(/usr/local/texlive/2018/texmf-dist/tex/latex/microtype/microtype.cfg
File: microtype.cfg 2018/01/14 v2.7a microtype main configuration file (RS)
)) (/usr/local/texlive/2018/texmf-dist/tex/latex/parskip/parskip.sty
Package: parskip 2001/04/09 non-zero parskip adjustments
) (/usr/local/texlive/2018/texmf-dist/tex/latex/hyperref/hyperref.sty
Package: hyperref 2018/02/06 v6.86b Hypertext links for LaTeX
(/usr/local/texlive/2018/texmf-dist/tex/generic/oberdiek/hobsub-hyperref.sty
Package: hobsub-hyperref 2016/05/16 v1.14 Bundle oberdiek, subset hyperref (HO)

(/usr/local/texlive/2018/texmf-dist/tex/generic/oberdiek/hobsub-generic.sty
Package: hobsub-generic 2016/05/16 v1.14 Bundle oberdiek, subset generic (HO)
Package: hobsub 2016/05/16 v1.14 Construct package bundles (HO)
Package: infwarerr 2016/05/16 v1.4 Providing info/warning/error messages (HO)
Package: ltxcmds 2016/05/16 v1.23 LaTeX kernel commands for general use (HO)
Package hobsub Info: Skipping package `ifluatex' (already loaded).
Package: ifvtex 2016/05/16 v1.6 Detect VTeX and its facilities (HO)
Package ifvtex Info: VTeX not detected.
Package: intcalc 2016/05/16 v1.2 Expandable calculations with integers (HO)
Package: ifpdf 2017/03/15 v3.2 Provides the ifpdf switch
Package: etexcmds 2016/05/16 v1.6 Avoid name clashes with e-TeX commands (HO)
Package etexcmds Info: Could not find \expanded.
(etexcmds)             That can mean that you are not using pdfTeX 1.50 or
(etexcmds)             that some package has redefined \expanded.
(etexcmds)             In the latter case, load this package earlier.
Package: kvsetkeys 2016/05/16 v1.17 Key value parser (HO)
Package: kvdefinekeys 2016/05/16 v1.4 Define keys (HO)
Package: pdftexcmds 2018/01/30 v0.27 Utility functions of pdfTeX for LuaTeX (HO
)
Package pdftexcmds Info: LuaTeX not detected.
Package pdftexcmds Info: \pdf@primitive is available.
Package pdftexcmds Info: \pdf@ifprimitive is available.
Package pdftexcmds Info: \pdfdraftmode found.
Package: pdfescape 2016/05/16 v1.14 Implements pdfTeX's escape features (HO)
Package: bigintcalc 2016/05/16 v1.4 Expandable calculations on big integers (HO
)
Package: bitset 2016/05/16 v1.2 Handle bit-vector datatype (HO)
Package: uniquecounter 2016/05/16 v1.3 Provide unlimited unique counter (HO)
)
Package hobsub Info: Skipping package `hobsub' (already loaded).
Package: letltxmacro 2016/05/16 v1.5 Let assignment for LaTeX macros (HO)
Package: hopatch 2016/05/16 v1.3 Wrapper for package hooks (HO)
Package: xcolor-patch 2016/05/16 xcolor patch
Package: atveryend 2016/05/16 v1.9 Hooks at the very end of document (HO)
Package atveryend Info: \enddocument detected (standard20110627).
Package: atbegshi 2016/06/09 v1.18 At begin shipout hook (HO)
Package: refcount 2016/05/16 v3.5 Data extraction from label references (HO)
Package: hycolor 2016/05/16 v1.8 Color options for hyperref/bookmark (HO)
) (/usr/local/texlive/2018/texmf-dist/tex/latex/oberdiek/auxhook.sty
Package: auxhook 2016/05/16 v1.4 Hooks for auxiliary files (HO)
) (/usr/local/texlive/2018/texmf-dist/tex/latex/oberdiek/kvoptions.sty
Package: kvoptions 2016/05/16 v3.12 Key value format for package options (HO)
)
\@linkdim=\dimen113
\Hy@linkcounter=\count102
\Hy@pagecounter=\count103
(/usr/local/texlive/2018/texmf-dist/tex/latex/hyperref/pd1enc.def
File: pd1enc.def 2018/02/06 v6.86b Hyperref: PDFDocEncoding definition (HO)
Now handling font encoding PD1 ...
... no UTF-8 mapping file for font encoding PD1
)
\Hy@SavedSpaceFactor=\count104
(/usr/local/texlive/2018/texmf-dist/tex/latex/latexconfig/hyperref.cfg
File: hyperref.cfg 2002/06/06 v1.2 hyperref configuration of TeXLive
)
Package hyperref Info: Option `unicode' set `true' on input line 4383.
(/usr/local/texlive/2018/texmf-dist/tex/latex/hyperref/puenc.def
File: puenc.def 2018/02/06 v6.86b Hyperref: PDF Unicode definition (HO)
Now handling font encoding PU ...
... no UTF-8 mapping file for font encoding PU
)
Package hyperref Info: Hyper figures OFF on input line 4509.
Package hyperref Info: Link nesting OFF on input line 4514.
Package hyperref Info: Hyper index ON on input line 4517.
Package hyperref Info: Plain pages OFF on input line 4524.
Package hyperref Info: Backreferencing OFF on input line 4529.
Package hyperref Info: Implicit mode ON; LaTeX internals redefined.
Package hyperref Info: Bookmarks ON on input line 4762.
\c@Hy@tempcnt=\count105
(/usr/local/texlive/2018/texmf-dist/tex/latex/url/url.sty
\Urlmuskip=\muskip11
Package: url 2013/09/16  ver 3.4  Verb mode for urls, etc.
)
LaTeX Info: Redefining \url on input line 5115.
\XeTeXLinkMargin=\dimen114
\Fld@menulength=\count106
\Field@Width=\dimen115
\Fld@charsize=\dimen116
Package hyperref Info: Hyper figures OFF on input line 6369.
Package hyperref Info: Link nesting OFF on input line 6374.
Package hyperref Info: Hyper index ON on input line 6377.
Package hyperref Info: backreferencing OFF on input line 6384.
Package hyperref Info: Link coloring OFF on input line 6389.
Package hyperref Info: Link coloring with OCG OFF on input line 6394.
Package hyperref Info: PDF/A mode OFF on input line 6399.
LaTeX Info: Redefining \ref on input line 6439.
LaTeX Info: Redefining \pageref on input line 6443.
\Hy@abspage=\count107
\c@Item=\count108
\c@Hfootnote=\count109
)
Package hyperref Info: Driver (autodetected): hpdftex.
(/usr/local/texlive/2018/texmf-dist/tex/latex/hyperref/hpdftex.def
File: hpdftex.def 2018/02/06 v6.86b Hyperref driver for pdfTeX
\Fld@listcount=\count110
\c@bookmark@seq@number=\count111
(/usr/local/texlive/2018/texmf-dist/tex/latex/oberdiek/rerunfilecheck.sty
Package: rerunfilecheck 2016/05/16 v1.8 Rerun checks for auxiliary files (HO)
Package uniquecounter Info: New unique counter `rerunfilecheck' on input line 2
82.
)
\Hy@SectionHShift=\skip47
)
Package hyperref Info: Option `breaklinks' set `true' on input line 34.
(/usr/local/texlive/2018/texmf-dist/tex/latex/geometry/geometry.sty
Package: geometry 2018/03/24 v5.7 Page Geometry
\Gm@cnth=\count112
\Gm@cntv=\count113
\c@Gm@tempcnt=\count114
\Gm@bindingoffset=\dimen117
\Gm@wd@mp=\dimen118
\Gm@odd@mp=\dimen119
\Gm@even@mp=\dimen120
\Gm@layoutwidth=\dimen121
\Gm@layoutheight=\dimen122
\Gm@layouthoffset=\dimen123
\Gm@layoutvoffset=\dimen124
\Gm@dimlist=\toks24
) (/usr/local/texlive/2018/texmf-dist/tex/latex/graphics/graphicx.sty
Package: graphicx 2017/06/01 v1.1a Enhanced LaTeX Graphics (DPC,SPQR)
(/usr/local/texlive/2018/texmf-dist/tex/latex/graphics/graphics.sty
Package: graphics 2017/06/25 v1.2c Standard LaTeX Graphics (DPC,SPQR)
(/usr/local/texlive/2018/texmf-dist/tex/latex/graphics/trig.sty
Package: trig 2016/01/03 v1.10 sin cos tan (DPC)
) (/usr/local/texlive/2018/texmf-dist/tex/latex/graphics-cfg/graphics.cfg
File: graphics.cfg 2016/06/04 v1.11 sample graphics configuration
)
Package graphics Info: Driver file: pdftex.def on input line 99.
(/usr/local/texlive/2018/texmf-dist/tex/latex/graphics-def/pdftex.def
File: pdftex.def 2018/01/08 v1.0l Graphics/color driver for pdftex
))
\Gin@req@height=\dimen125
\Gin@req@width=\dimen126
) (/usr/local/texlive/2018/texmf-dist/tex/latex/oberdiek/grffile.sty
Package: grffile 2017/06/30 v1.18 Extended file name support for graphics (HO)
Package grffile Info: Option `multidot' is set to `true'.
Package grffile Info: Option `extendedchars' is set to `false'.
Package grffile Info: Option `space' is set to `true'.
Package grffile Info: \Gin@ii of package `graphicx' fixed on input line 494.
) (/usr/local/texlive/2018/texmf-dist/tex/latex/algorithms/algorithm.sty
Package: algorithm 2009/08/24 v0.1 Document Style `algorithm' - floating enviro
nment
(/usr/local/texlive/2018/texmf-dist/tex/latex/float/float.sty
Package: float 2001/11/08 v1.3d Float enhancements (AL)
\c@float@type=\count115
\float@exts=\toks25
\float@box=\box28
\@float@everytoks=\toks26
\@floatcapt=\box29
) (/usr/local/texlive/2018/texmf-dist/tex/latex/base/ifthen.sty
Package: ifthen 2014/09/29 v1.1c Standard LaTeX ifthen package (DPC)
)
\@float@every@algorithm=\toks27
\c@algorithm=\count116
) (/usr/local/texlive/2018/texmf-dist/tex/latex/algorithms/algorithmic.sty
Package: algorithmic 2009/08/24 v0.1 Document Style `algorithmic'
\c@ALC@unique=\count117
\c@ALC@line=\count118
\c@ALC@rem=\count119
\c@ALC@depth=\count120
\ALC@tlm=\skip48
\algorithmicindent=\skip49
) (./Méthode-SCMK.aux)
\openout1 = `Méthode-SCMK.aux'.

LaTeX Font Info:    Checking defaults for OML/cmm/m/it on input line 72.
LaTeX Font Info:    ... okay on input line 72.
LaTeX Font Info:    Checking defaults for T1/cmr/m/n on input line 72.
LaTeX Font Info:    ... okay on input line 72.
LaTeX Font Info:    Checking defaults for OT1/cmr/m/n on input line 72.
LaTeX Font Info:    ... okay on input line 72.
LaTeX Font Info:    Checking defaults for OMS/cmsy/m/n on input line 72.
LaTeX Font Info:    ... okay on input line 72.
LaTeX Font Info:    Checking defaults for OMX/cmex/m/n on input line 72.
LaTeX Font Info:    ... okay on input line 72.
LaTeX Font Info:    Checking defaults for U/cmr/m/n on input line 72.
LaTeX Font Info:    ... okay on input line 72.
LaTeX Font Info:    Checking defaults for TS1/cmr/m/n on input line 72.
LaTeX Font Info:    Try loading font information for TS1+cmr on input line 72.
(/usr/local/texlive/2018/texmf-dist/tex/latex/base/ts1cmr.fd
File: ts1cmr.fd 2014/09/29 v2.5h Standard LaTeX font definitions
)
LaTeX Font Info:    ... okay on input line 72.
LaTeX Font Info:    Checking defaults for PD1/pdf/m/n on input line 72.
LaTeX Font Info:    ... okay on input line 72.
LaTeX Font Info:    Checking defaults for PU/pdf/m/n on input line 72.
LaTeX Font Info:    ... okay on input line 72.
LaTeX Font Info:    Try loading font information for T1+lmr on input line 72.
(/usr/local/texlive/2018/texmf-dist/tex/latex/lm/t1lmr.fd
File: t1lmr.fd 2009/10/30 v1.6 Font defs for Latin Modern
)
LaTeX Info: Redefining \microtypecontext on input line 72.
Package microtype Info: Generating PDF output.
Package microtype Info: Character protrusion enabled (level 2).
Package microtype Info: Using protrusion set `basicmath'.
Package microtype Info: Automatic font expansion enabled (level 2),
(microtype)             stretch: 20, shrink: 20, step: 1, non-selected.
Package microtype Info: Using default expansion set `basictext'.
Package microtype Info: No adjustment of tracking.
Package microtype Info: No adjustment of interword spacing.
Package microtype Info: No adjustment of character kerning.
(/usr/local/texlive/2018/texmf-dist/tex/latex/microtype/mt-cmr.cfg
File: mt-cmr.cfg 2013/05/19 v2.2 microtype config. file: Computer Modern Roman 
(RS)
)
\AtBeginShipoutBox=\box30
Package hyperref Info: Link coloring OFF on input line 72.
(/usr/local/texlive/2018/texmf-dist/tex/latex/hyperref/nameref.sty
Package: nameref 2016/05/21 v2.44 Cross-referencing by name of section
(/usr/local/texlive/2018/texmf-dist/tex/generic/oberdiek/gettitlestring.sty
Package: gettitlestring 2016/05/16 v1.5 Cleanup title references (HO)
)
\c@section@level=\count121
)
LaTeX Info: Redefining \ref on input line 72.
LaTeX Info: Redefining \pageref on input line 72.
LaTeX Info: Redefining \nameref on input line 72.
(./Méthode-SCMK.out) (./Méthode-SCMK.out)
\@outlinefile=\write3
\openout3 = `Méthode-SCMK.out'.

*geometry* driver: auto-detecting
*geometry* detected driver: pdftex
*geometry* verbose mode - [ preamble ] result:
* driver: pdftex
* paper: <default>
* layout: <same size as paper>
* layoutoffset:(h,v)=(0.0pt,0.0pt)
* modes: 
* h-part:(L,W,R)=(72.26999pt, 469.75502pt, 72.26999pt)
* v-part:(T,H,B)=(72.26999pt, 650.43001pt, 72.26999pt)
* \paperwidth=614.295pt
* \paperheight=794.96999pt
* \textwidth=469.75502pt
* \textheight=650.43001pt
* \oddsidemargin=0.0pt
* \evensidemargin=0.0pt
* \topmargin=-37.0pt
* \headheight=12.0pt
* \headsep=25.0pt
* \topskip=10.0pt
* \footskip=30.0pt
* \marginparwidth=65.0pt
* \marginparsep=11.0pt
* \columnsep=10.0pt
* \skip\footins=9.0pt plus 4.0pt minus 2.0pt
* \hoffset=0.0pt
* \voffset=0.0pt
* \mag=1000
* \@twocolumnfalse
* \@twosidefalse
* \@mparswitchfalse
* \@reversemarginfalse
* (1in=72.27pt=25.4mm, 1cm=28.453pt)

(/usr/local/texlive/2018/texmf-dist/tex/context/base/mkii/supp-pdf.mkii
[Loading MPS to PDF converter (version 2006.09.02).]
\scratchcounter=\count122
\scratchdimen=\dimen127
\scratchbox=\box31
\nofMPsegments=\count123
\nofMParguments=\count124
\everyMPshowfont=\toks28
\MPscratchCnt=\count125
\MPscratchDim=\dimen128
\MPnumerator=\count126
\makeMPintoPDFobject=\count127
\everyMPtoPDFconversion=\toks29
) (/usr/local/texlive/2018/texmf-dist/tex/latex/oberdiek/epstopdf-base.sty
Package: epstopdf-base 2016/05/15 v2.6 Base part for package epstopdf
(/usr/local/texlive/2018/texmf-dist/tex/latex/oberdiek/grfext.sty
Package: grfext 2016/05/16 v1.2 Manage graphics extensions (HO)
)
Package epstopdf-base Info: Redefining graphics rule for `.eps' on input line 4
38.
Package grfext Info: Graphics extension search list:
(grfext)             [.pdf,.png,.jpg,.mps,.jpeg,.jbig2,.jb2,.PDF,.PNG,.JPG,.JPE
G,.JBIG2,.JB2,.eps]
(grfext)             \AppendGraphicsExtensions on input line 456.
(/usr/local/texlive/2018/texmf-dist/tex/latex/latexconfig/epstopdf-sys.cfg
File: epstopdf-sys.cfg 2010/07/13 v1.3 Configuration of (r)epstopdf for TeX Liv
e
))
LaTeX Font Info:    Try loading font information for OT1+lmr on input line 74.
(/usr/local/texlive/2018/texmf-dist/tex/latex/lm/ot1lmr.fd
File: ot1lmr.fd 2009/10/30 v1.6 Font defs for Latin Modern
)
LaTeX Font Info:    Try loading font information for OML+lmm on input line 74.
(/usr/local/texlive/2018/texmf-dist/tex/latex/lm/omllmm.fd
File: omllmm.fd 2009/10/30 v1.6 Font defs for Latin Modern
)
LaTeX Font Info:    Try loading font information for OMS+lmsy on input line 74.

(/usr/local/texlive/2018/texmf-dist/tex/latex/lm/omslmsy.fd
File: omslmsy.fd 2009/10/30 v1.6 Font defs for Latin Modern
)
LaTeX Font Info:    Try loading font information for OMX+lmex on input line 74.

(/usr/local/texlive/2018/texmf-dist/tex/latex/lm/omxlmex.fd
File: omxlmex.fd 2009/10/30 v1.6 Font defs for Latin Modern
)
LaTeX Font Info:    External font `lmex10' loaded for size
(Font)              <12> on input line 74.
LaTeX Font Info:    External font `lmex10' loaded for size
(Font)              <8> on input line 74.
LaTeX Font Info:    External font `lmex10' loaded for size
(Font)              <6> on input line 74.
LaTeX Font Info:    Try loading font information for U+msa on input line 74.
(/usr/local/texlive/2018/texmf-dist/tex/latex/amsfonts/umsa.fd
File: umsa.fd 2013/01/14 v3.01 AMS symbols A
) (/usr/local/texlive/2018/texmf-dist/tex/latex/microtype/mt-msa.cfg
File: mt-msa.cfg 2006/02/04 v1.1 microtype config. file: AMS symbols (a) (RS)
)
LaTeX Font Info:    Try loading font information for U+msb on input line 74.
(/usr/local/texlive/2018/texmf-dist/tex/latex/amsfonts/umsb.fd
File: umsb.fd 2013/01/14 v3.01 AMS symbols B
) (/usr/local/texlive/2018/texmf-dist/tex/latex/microtype/mt-msb.cfg
File: mt-msb.cfg 2005/06/01 v1.0 microtype config. file: AMS symbols (b) (RS)
)
LaTeX Font Info:    External font `lmex10' loaded for size
(Font)              <10> on input line 97.
LaTeX Font Info:    External font `lmex10' loaded for size
(Font)              <7> on input line 97.
LaTeX Font Info:    External font `lmex10' loaded for size
(Font)              <5> on input line 97.
LaTeX Font Info:    Try loading font information for TS1+lmr on input line 111.

(/usr/local/texlive/2018/texmf-dist/tex/latex/lm/ts1lmr.fd
File: ts1lmr.fd 2009/10/30 v1.6 Font defs for Latin Modern
) [1

{/usr/local/texlive/2018/texmf-var/fonts/map/pdftex/updmap/pdftex.map}] [2] [3]
[4] [5]
Underfull \hbox (badness 10000) in paragraph at lines 469--475

 []

[6] [7]
Package hyperref Info: bookmark level for unknown algorithm defaults to 0 on in
put line 505.
[8] [9]
<SCMK - image/Plot_gaussian_train.png, id=232, 2195.20125pt x 1356.06625pt>
File: SCMK - image/Plot_gaussian_train.png Graphic file (type png)
<use SCMK - image/Plot_gaussian_train.png>
Package pdftex.def Info: SCMK - image/Plot_gaussian_train.png  used on input li
ne 668.
(pdftex.def)             Requested size: 230.15123pt x 142.17389pt.
<SCMK - image/Plot_gaussian_test.png, id=234, 2195.20125pt x 1356.06625pt>
File: SCMK - image/Plot_gaussian_test.png Graphic file (type png)
<use SCMK - image/Plot_gaussian_test.png>
Package pdftex.def Info: SCMK - image/Plot_gaussian_test.png  used on input lin
e 668.
(pdftex.def)             Requested size: 230.15123pt x 142.17389pt.
<SCMK - image/Kernel_Polynomial_deg2_train.png, id=235, 2195.20125pt x 1356.066
25pt>
File: SCMK - image/Kernel_Polynomial_deg2_train.png Graphic file (type png)
<use SCMK - image/Kernel_Polynomial_deg2_train.png>
Package pdftex.def Info: SCMK - image/Kernel_Polynomial_deg2_train.png  used on
 input line 690.
(pdftex.def)             Requested size: 234.87416pt x 145.09145pt.
<SCMK - image/Kernel_Polynomial_deg2_test.png, id=236, 2195.20125pt x 1356.0662
5pt>
File: SCMK - image/Kernel_Polynomial_deg2_test.png Graphic file (type png)
<use SCMK - image/Kernel_Polynomial_deg2_test.png>
Package pdftex.def Info: SCMK - image/Kernel_Polynomial_deg2_test.png  used on 
input line 690.
(pdftex.def)             Requested size: 234.87416pt x 145.09145pt.

Overfull \hbox (2.21552pt too wide) in paragraph at lines 690--690
[][] []
 []


LaTeX Warning: `!h' float specifier changed to `!ht'.

[10pdfTeX warning (ext4): destination with the same identifier (name{figure.1})
 has been already used, duplicate ignored

\AtBegShi@Output ...ipout \box \AtBeginShipoutBox 
                                                  \fi \fi 
l.715 
       <./SCMK - image/Plot_gaussian_train.png> <./SCMK - image/Plot_gaussian_t
est.png>]
<SCMK - image/Noyau Polynomial/Test/MU1e-1/Boxplot_ARI_Mu_1e-1.png, id=247, 193
5.23pt x 1195.46625pt>
File: SCMK - image/Noyau Polynomial/Test/MU1e-1/Boxplot_ARI_Mu_1e-1.png Graphic
 file (type png)
<use SCMK - image/Noyau Polynomial/Test/MU1e-1/Boxplot_ARI_Mu_1e-1.png>
Package pdftex.def Info: SCMK - image/Noyau Polynomial/Test/MU1e-1/Boxplot_ARI_
Mu_1e-1.png  used on input line 717.
(pdftex.def)             Requested size: 234.87521pt x 145.09148pt.
<SCMK - image/Noyau Polynomial/Test/MU1e-1/Boxplot_NMI_Mu_1e-1.png, id=248, 193
5.23pt x 1195.46625pt>
File: SCMK - image/Noyau Polynomial/Test/MU1e-1/Boxplot_NMI_Mu_1e-1.png Graphic
 file (type png)
<use SCMK - image/Noyau Polynomial/Test/MU1e-1/Boxplot_NMI_Mu_1e-1.png>
Package pdftex.def Info: SCMK - image/Noyau Polynomial/Test/MU1e-1/Boxplot_NMI_
Mu_1e-1.png  used on input line 717.
(pdftex.def)             Requested size: 234.87521pt x 145.09148pt.

Overfull \hbox (2.21762pt too wide) in paragraph at lines 717--717
[][] []
 []

<SCMK - image/Noyau Polynomial/Test/MU1e-1/Predi_SCMK_ARI_Mu_1e-1.png, id=249, 
1935.23pt x 1195.46625pt>
File: SCMK - image/Noyau Polynomial/Test/MU1e-1/Predi_SCMK_ARI_Mu_1e-1.png Grap
hic file (type png)
<use SCMK - image/Noyau Polynomial/Test/MU1e-1/Predi_SCMK_ARI_Mu_1e-1.png>
Package pdftex.def Info: SCMK - image/Noyau Polynomial/Test/MU1e-1/Predi_SCMK_A
RI_Mu_1e-1.png  used on input line 740.
(pdftex.def)             Requested size: 230.18007pt x 142.1911pt.
<SCMK - image/Noyau Polynomial/Test/MU1e-1/Predi_SCMK_KMEANS_ARI_Mu_1e-1.png, i
d=250, 1935.23pt x 1195.46625pt>
File: SCMK - image/Noyau Polynomial/Test/MU1e-1/Predi_SCMK_KMEANS_ARI_Mu_1e-1.p
ng Graphic file (type png)
<use SCMK - image/Noyau Polynomial/Test/MU1e-1/Predi_SCMK_KMEANS_ARI_Mu_1e-1.pn
g>
Package pdftex.def Info: SCMK - image/Noyau Polynomial/Test/MU1e-1/Predi_SCMK_K
MEANS_ARI_Mu_1e-1.png  used on input line 740.
(pdftex.def)             Requested size: 230.18007pt x 142.1911pt.
<SCMK - image/Noyau Polynomial/Test/MU1e-1/Predi_SELF_EXP_ARI_Mu_1e-1.png, id=2
51, 1935.23pt x 1195.46625pt>
File: SCMK - image/Noyau Polynomial/Test/MU1e-1/Predi_SELF_EXP_ARI_Mu_1e-1.png 
Graphic file (type png)
<use SCMK - image/Noyau Polynomial/Test/MU1e-1/Predi_SELF_EXP_ARI_Mu_1e-1.png>
Package pdftex.def Info: SCMK - image/Noyau Polynomial/Test/MU1e-1/Predi_SELF_E
XP_ARI_Mu_1e-1.png  used on input line 740.
(pdftex.def)             Requested size: 230.18007pt x 142.1911pt.

LaTeX Warning: `!h' float specifier changed to `!ht'.

[11pdfTeX warning (ext4): destination with the same identifier (name{figure.2})
 has been already used, duplicate ignored

\AtBegShi@Output ...ipout \box \AtBeginShipoutBox 
                                                  \fi \fi 
l.759 
      pdfTeX warning (ext4): destination with the same identifier (name{figure.
3}) has been already used, duplicate ignored

\AtBegShi@Output ...ipout \box \AtBeginShipoutBox 
                                                  \fi \fi 
l.759 
       <./SCMK - image/Kernel_Polynomial_deg2_train.png> <./SCMK - image/Kernel
_Polynomial_deg2_test.png> <./SCMK - image/Noyau Polynomial/Test/MU1e-1/Boxplot
_ARI_Mu_1e-1.png> <./SCMK - image/Noyau Polynomial/Test/MU1e-1/Boxplot_NMI_Mu_1
e-1.png>]
<SCMK - image/Kernel_RBF_1_train.png, id=262, 1935.23pt x 1195.46625pt>
File: SCMK - image/Kernel_RBF_1_train.png Graphic file (type png)
<use SCMK - image/Kernel_RBF_1_train.png>
Package pdftex.def Info: SCMK - image/Kernel_RBF_1_train.png  used on input lin
e 767.
(pdftex.def)             Requested size: 234.87521pt x 145.09148pt.
<SCMK - image/Kernel_RBF_1_test.png, id=263, 1935.23pt x 1195.46625pt>
File: SCMK - image/Kernel_RBF_1_test.png Graphic file (type png)
<use SCMK - image/Kernel_RBF_1_test.png>
Package pdftex.def Info: SCMK - image/Kernel_RBF_1_test.png  used on input line
 767.
(pdftex.def)             Requested size: 234.87521pt x 145.09148pt.

Overfull \hbox (2.21762pt too wide) in paragraph at lines 767--767
[][] []
 []


LaTeX Warning: `!h' float specifier changed to `!ht'.

<SCMK - image/RBF/Test/MU1e0/Boxplot_ARI_Mu_1e0.png, id=264, 526.8483pt x 325.2
15pt>
File: SCMK - image/RBF/Test/MU1e0/Boxplot_ARI_Mu_1e0.png Graphic file (type png
)
<use SCMK - image/RBF/Test/MU1e0/Boxplot_ARI_Mu_1e0.png>
Package pdftex.def Info: SCMK - image/RBF/Test/MU1e0/Boxplot_ARI_Mu_1e0.png  us
ed on input line 791.
(pdftex.def)             Requested size: 234.87685pt x 144.9857pt.
<SCMK - image/RBF/Test/MU1e0/Boxplot_NMI_Mu_1e0.png, id=265, 526.8483pt x 325.2
15pt>
File: SCMK - image/RBF/Test/MU1e0/Boxplot_NMI_Mu_1e0.png Graphic file (type png
)
<use SCMK - image/RBF/Test/MU1e0/Boxplot_NMI_Mu_1e0.png>
Package pdftex.def Info: SCMK - image/RBF/Test/MU1e0/Boxplot_NMI_Mu_1e0.png  us
ed on input line 791.
(pdftex.def)             Requested size: 234.87685pt x 144.9857pt.

Overfull \hbox (2.22089pt too wide) in paragraph at lines 791--791
[][] []
 []

[12pdfTeX warning (ext4): destination with the same identifier (name{figure.4})
 has been already used, duplicate ignored

\AtBegShi@Output ...ipout \box \AtBeginShipoutBox 
                                                  \fi \fi 
l.792 \end{figure}
                   <./SCMK - image/Noyau Polynomial/Test/MU1e-1/Predi_SCMK_ARI_
Mu_1e-1.png> <./SCMK - image/Noyau Polynomial/Test/MU1e-1/Predi_SCMK_KMEANS_ARI
_Mu_1e-1.png> <./SCMK - image/Noyau Polynomial/Test/MU1e-1/Predi_SELF_EXP_ARI_M
u_1e-1.png>]
<SCMK - image/RBF/Test/MU1e0/Predi_SCMK_ARI_Mu_1e0.png, id=275, 505.89pt x 505.
89pt>
File: SCMK - image/RBF/Test/MU1e0/Predi_SCMK_ARI_Mu_1e0.png Graphic file (type 
png)
<use SCMK - image/RBF/Test/MU1e0/Predi_SCMK_ARI_Mu_1e0.png>
Package pdftex.def Info: SCMK - image/RBF/Test/MU1e0/Predi_SCMK_ARI_Mu_1e0.png 
 used on input line 796.
(pdftex.def)             Requested size: 187.90196pt x 187.90196pt.
<SCMK - image/RBF/Test/MU1e0/Predi_SCMK_KMEANS_ARI_Mu_1e0.png, id=276, 505.89pt
 x 505.89pt>
File: SCMK - image/RBF/Test/MU1e0/Predi_SCMK_KMEANS_ARI_Mu_1e0.png Graphic file
 (type png)
<use SCMK - image/RBF/Test/MU1e0/Predi_SCMK_KMEANS_ARI_Mu_1e0.png>
Package pdftex.def Info: SCMK - image/RBF/Test/MU1e0/Predi_SCMK_KMEANS_ARI_Mu_1
e0.png  used on input line 796.
(pdftex.def)             Requested size: 187.90196pt x 187.90196pt.
<SCMK - image/RBF/Test/MU1e0/Predi_SELF_EXP_ARI_Mu_1e0.png, id=277, 505.89pt x 
505.89pt>
File: SCMK - image/RBF/Test/MU1e0/Predi_SELF_EXP_ARI_Mu_1e0.png Graphic file (t
ype png)
<use SCMK - image/RBF/Test/MU1e0/Predi_SELF_EXP_ARI_Mu_1e0.png>
Package pdftex.def Info: SCMK - image/RBF/Test/MU1e0/Predi_SELF_EXP_ARI_Mu_1e0.
png  used on input line 796.
(pdftex.def)             Requested size: 187.90196pt x 187.90196pt.

LaTeX Warning: `!h' float specifier changed to `!ht'.

[13pdfTeX warning (ext4): destination with the same identifier (name{figure.5})
 has been already used, duplicate ignored

\AtBegShi@Output ...ipout \box \AtBeginShipoutBox 
                                                  \fi \fi 
l.820 \newpage
              pdfTeX warning (ext4): destination with the same identifier (name
{figure.6}) has been already used, duplicate ignored

\AtBegShi@Output ...ipout \box \AtBeginShipoutBox 
                                                  \fi \fi 
l.820 \newpage
               <./SCMK - image/Kernel_RBF_1_train.png> <./SCMK - image/Kernel_R
BF_1_test.png> <./SCMK - image/RBF/Test/MU1e0/Boxplot_ARI_Mu_1e0.png (PNG copy)
> <./SCMK - image/RBF/Test/MU1e0/Boxplot_NMI_Mu_1e0.png (PNG copy)>]
<SCMK - image/MultiKernels_MixKernels_SelfExp_train.png, id=287, 1957.3125pt x 
1209.51875pt>
File: SCMK - image/MultiKernels_MixKernels_SelfExp_train.png Graphic file (type
 png)
<use SCMK - image/MultiKernels_MixKernels_SelfExp_train.png>
Package pdftex.def Info: SCMK - image/MultiKernels_MixKernels_SelfExp_train.png
  used on input line 849.
(pdftex.def)             Requested size: 234.86737pt x 145.13599pt.

LaTeX Warning: `!h' float specifier changed to `!ht'.

[14pdfTeX warning (ext4): destination with the same identifier (name{figure.7})
 has been already used, duplicate ignored

\AtBegShi@Output ...ipout \box \AtBeginShipoutBox 
                                                  \fi \fi 
l.860 C
       omme pour les deux exemples précédents, afin de tester la performance 
<./SCMK - image/RBF/Test/MU1e0/Predi_SCMK_ARI_Mu_1e0.png (PNG copy)> <./SCMK - 
image/RBF/Test/MU1e0/Predi_SCMK_KMEANS_ARI_Mu_1e0.png (PNG copy)> <./SCMK - ima
ge/RBF/Test/MU1e0/Predi_SELF_EXP_ARI_Mu_1e0.png (PNG copy)>]
<SCMK - image/MultiKernels/Test/MU1e-1/Boxplot_ARI_Mu_1e-1.png, id=295, 526.848
3pt x 325.215pt>
File: SCMK - image/MultiKernels/Test/MU1e-1/Boxplot_ARI_Mu_1e-1.png Graphic fil
e (type png)
<use SCMK - image/MultiKernels/Test/MU1e-1/Boxplot_ARI_Mu_1e-1.png>
Package pdftex.def Info: SCMK - image/MultiKernels/Test/MU1e-1/Boxplot_ARI_Mu_1
e-1.png  used on input line 868.
(pdftex.def)             Requested size: 234.87685pt x 144.9857pt.
<SCMK - image/MultiKernels/Test/MU1e-1/Boxplot_NMI_Mu_1e-1.png, id=296, 526.848
3pt x 325.215pt>
File: SCMK - image/MultiKernels/Test/MU1e-1/Boxplot_NMI_Mu_1e-1.png Graphic fil
e (type png)
<use SCMK - image/MultiKernels/Test/MU1e-1/Boxplot_NMI_Mu_1e-1.png>
Package pdftex.def Info: SCMK - image/MultiKernels/Test/MU1e-1/Boxplot_NMI_Mu_1
e-1.png  used on input line 868.
(pdftex.def)             Requested size: 234.87685pt x 144.9857pt.

Overfull \hbox (2.22089pt too wide) in paragraph at lines 868--868
[][] []
 []

<SCMK - image/MultiKernels/Test/MU1e-1/Predi_SCMK_NMI_Mu_1e-1.png, id=297, 526.
8483pt x 325.215pt>
File: SCMK - image/MultiKernels/Test/MU1e-1/Predi_SCMK_NMI_Mu_1e-1.png Graphic 
file (type png)
<use SCMK - image/MultiKernels/Test/MU1e-1/Predi_SCMK_NMI_Mu_1e-1.png>
Package pdftex.def Info: SCMK - image/MultiKernels/Test/MU1e-1/Predi_SCMK_NMI_M
u_1e-1.png  used on input line 883.
(pdftex.def)             Requested size: 187.89665pt x 115.98558pt.
<SCMK - image/MultiKernels/Test/MU1e-1/Predi_SCMK_KMEANS_NMI_Mu_1e-1.png, id=29
8, 526.8483pt x 325.215pt>
File: SCMK - image/MultiKernels/Test/MU1e-1/Predi_SCMK_KMEANS_NMI_Mu_1e-1.png G
raphic file (type png)
<use SCMK - image/MultiKernels/Test/MU1e-1/Predi_SCMK_KMEANS_NMI_Mu_1e-1.png>
Package pdftex.def Info: SCMK - image/MultiKernels/Test/MU1e-1/Predi_SCMK_KMEAN
S_NMI_Mu_1e-1.png  used on input line 883.
(pdftex.def)             Requested size: 187.89665pt x 115.98558pt.
<SCMK - image/MultiKernels/Test/MU1e-1/Predi_SELF_EXP_NMI_Mu_1e-1.png, id=299, 
526.8483pt x 325.215pt>
File: SCMK - image/MultiKernels/Test/MU1e-1/Predi_SELF_EXP_NMI_Mu_1e-1.png Grap
hic file (type png)
<use SCMK - image/MultiKernels/Test/MU1e-1/Predi_SELF_EXP_NMI_Mu_1e-1.png>
Package pdftex.def Info: SCMK - image/MultiKernels/Test/MU1e-1/Predi_SELF_EXP_N
MI_Mu_1e-1.png  used on input line 883.
(pdftex.def)             Requested size: 187.89665pt x 115.98558pt.

LaTeX Warning: `!h' float specifier changed to `!ht'.

[15pdfTeX warning (ext4): destination with the same identifier (name{figure.8})
 has been already used, duplicate ignored

\AtBegShi@Output ...ipout \box \AtBeginShipoutBox 
                                                  \fi \fi 
l.903 
      pdfTeX warning (ext4): destination with the same identifier (name{figure.
9}) has been already used, duplicate ignored

\AtBegShi@Output ...ipout \box \AtBeginShipoutBox 
                                                  \fi \fi 
l.903 
       <./SCMK - image/MultiKernels_MixKernels_SelfExp_train.png> <./SCMK - ima
ge/MultiKernels/Test/MU1e-1/Boxplot_ARI_Mu_1e-1.png (PNG copy)> <./SCMK - image
/MultiKernels/Test/MU1e-1/Boxplot_NMI_Mu_1e-1.png (PNG copy)>]
<SCMK - image/MultiKernels/Test/MU1e-1/Ponderation_NMI_Mu_1e-1.png, id=308, 526
.8483pt x 325.215pt>
File: SCMK - image/MultiKernels/Test/MU1e-1/Ponderation_NMI_Mu_1e-1.png Graphic
 file (type png)
<use SCMK - image/MultiKernels/Test/MU1e-1/Ponderation_NMI_Mu_1e-1.png>
Package pdftex.def Info: SCMK - image/MultiKernels/Test/MU1e-1/Ponderation_NMI_
Mu_1e-1.png  used on input line 914.
(pdftex.def)             Requested size: 234.87685pt x 144.9857pt.
[16pdfTeX warning (ext4): destination with the same identifier (name{figure.10}
) has been already used, duplicate ignored

\AtBegShi@Output ...ipout \box \AtBeginShipoutBox 
                                                  \fi \fi 
l.939 
      pdfTeX warning (ext4): destination with the same identifier (name{figure.
11}) has been already used, duplicate ignored

\AtBegShi@Output ...ipout \box \AtBeginShipoutBox 
                                                  \fi \fi 
l.939 
       <./SCMK - image/MultiKernels/Test/MU1e-1/Predi_SCMK_NMI_Mu_1e-1.png (PNG
 copy)> <./SCMK - image/MultiKernels/Test/MU1e-1/Predi_SCMK_KMEANS_NMI_Mu_1e-1.
png (PNG copy)> <./SCMK - image/MultiKernels/Test/MU1e-1/Predi_SELF_EXP_NMI_Mu_
1e-1.png (PNG copy)> <./SCMK - image/MultiKernels/Test/MU1e-1/Ponderation_NMI_M
u_1e-1.png (PNG copy)>]
Package atveryend Info: Empty hook `BeforeClearDocument' on input line 998.
[17]
Package atveryend Info: Empty hook `AfterLastShipout' on input line 998.
(./Méthode-SCMK.aux)
Package atveryend Info: Executing hook `AtVeryEndDocument' on input line 998.
Package atveryend Info: Executing hook `AtEndAfterFileList' on input line 998.
Package rerunfilecheck Info: File `Méthode-SCMK.out' has not changed.
(rerunfilecheck)             Checksum: A4D303862F4816F2F63FA84FC6D9E38B;5227.
Package atveryend Info: Empty hook `AtVeryVeryEnd' on input line 998.
 ) 
Here is how much of TeX's memory you used:
 12570 strings out of 492649
 188122 string characters out of 6129621
 296041 words of memory out of 5000000
 16051 multiletter control sequences out of 15000+600000
 64719 words of font info for 109 fonts, out of 8000000 for 9000
 1141 hyphenation exceptions out of 8191
 32i,24n,38p,517b,456s stack positions out of 5000i,500n,10000p,200000b,80000s
{/usr/local/texlive/2018/texmf-dist/fonts/enc/dvips/lm/lm-ec.enc}{/usr/local/
texlive/2018/texmf-dist/fonts/enc/dvips/lm/lm-rm.enc}{/usr/local/texlive/2018/t
exmf-dist/fonts/enc/dvips/lm/lm-mathit.enc}{/usr/local/texlive/2018/texmf-dist/
fonts/enc/dvips/lm/lm-mathsy.enc}{/usr/local/texlive/2018/texmf-dist/fonts/enc/
dvips/lm/lm-ts1.enc}{/usr/local/texlive/2018/texmf-dist/fonts/enc/dvips/lm/lm-m
athex.enc}</usr/local/texlive/2018/texmf-dist/fonts/type1/public/lm/lmbx10.pfb>
</usr/local/texlive/2018/texmf-dist/fonts/type1/public/lm/lmbx12.pfb></usr/loca
l/texlive/2018/texmf-dist/fonts/type1/public/lm/lmex10.pfb></usr/local/texlive/
2018/texmf-dist/fonts/type1/public/lm/lmmi10.pfb></usr/local/texlive/2018/texmf
-dist/fonts/type1/public/lm/lmmi5.pfb></usr/local/texlive/2018/texmf-dist/fonts
/type1/public/lm/lmmi7.pfb></usr/local/texlive/2018/texmf-dist/fonts/type1/publ
ic/lm/lmr10.pfb></usr/local/texlive/2018/texmf-dist/fonts/type1/public/lm/lmr17
.pfb></usr/local/texlive/2018/texmf-dist/fonts/type1/public/lm/lmr5.pfb></usr/l
ocal/texlive/2018/texmf-dist/fonts/type1/public/lm/lmr7.pfb></usr/local/texlive
/2018/texmf-dist/fonts/type1/public/lm/lmri10.pfb></usr/local/texlive/2018/texm
f-dist/fonts/type1/public/lm/lmsy10.pfb></usr/local/texlive/2018/texmf-dist/fon
ts/type1/public/lm/lmsy7.pfb></usr/local/texlive/2018/texmf-dist/fonts/type1/pu
blic/amsfonts/symbols/msbm10.pfb>
Output written on Méthode-SCMK.pdf (17 pages, 2932108 bytes).
PDF statistics:
 415 PDF objects out of 1000 (max. 8388607)
 343 compressed objects within 4 object streams
 135 named destinations out of 1000 (max. 500000)
 12620 words of extra memory for PDF output out of 14400 (max. 10000000)

